INFO  2026-02-04 21:46:07,416 serena.cli:health_check:760 - Starting health check for project: /home/aqmebrak/ArtsWarehouse
INFO  2026-02-04 21:46:07,417 serena.cli:health_check:764 - Creating SerenaAgent with disabled dashboard...
INFO  2026-02-04 21:46:07,417 serena.config.serena_config:from_config_file:574 - Loading Serena configuration from /home/aqmebrak/.serena/serena_config.yml
INFO  2026-02-04 21:46:07,426 serena.agent:__init__:289 - Will record tool usage statistics with token count estimator: CHAR_COUNT.
INFO  2026-02-04 21:46:07,427 serena.util.file_system:stop:367 - Loading of .gitignore files completed in 0.012 seconds
INFO  2026-02-04 21:46:07,427 serena.project:stop:367 - Gathering ignore spec for project ArtsWarehouse completed in 0.013 seconds
INFO  2026-02-04 21:46:07,434 serena.agent:__init__:293 - Starting Serena server (version=0.1.4-d6c16993-dirty, process id=22872, parent process id=22842; language backend=LSP)
INFO  2026-02-04 21:46:07,434 serena.agent:__init__:297 - Configuration file: /home/aqmebrak/.serena/serena_config.yml
INFO  2026-02-04 21:46:07,434 serena.agent:__init__:298 - Available projects: ArtsWarehouse
INFO  2026-02-04 21:46:07,434 serena.agent:__init__:299 - Loaded tools (40): read_file, create_text_file, list_dir, find_file, replace_content, delete_lines, replace_lines, insert_at_line, search_for_pattern, restart_language_server, get_symbols_overview, find_symbol, find_referencing_symbols, replace_symbol_body, insert_after_symbol, insert_before_symbol, rename_symbol, write_memory, read_memory, list_memories, delete_memory, edit_memory, execute_shell_command, open_dashboard, activate_project, remove_project, switch_modes, get_current_config, check_onboarding_performed, onboarding, think_about_collected_information, think_about_task_adherence, think_about_whether_you_are_done, summarize_changes, prepare_for_new_conversation, initial_instructions, jet_brains_find_symbol, jet_brains_find_referencing_symbols, jet_brains_get_symbols_overview, jet_brains_type_hierarchy
INFO  2026-02-04 21:46:07,434 serena.agent:apply:142 - SerenaAgentContext[name='desktop-app'] included 1 tools: switch_modes
INFO  2026-02-04 21:46:07,435 serena.agent:__init__:325 - Number of exposed tools: 29
INFO  2026-02-04 21:46:07,445 serena.config.serena_config:start:360 - Loading project instance for RegisteredProject[project_root=/home/aqmebrak/ArtsWarehouse, project_config=ProjectConfig[project_name=ArtsWarehouse]] starting ...
INFO  2026-02-04 21:46:07,445 serena.project:start:360 - Gathering ignore spec for project ArtsWarehouse starting ...
INFO  2026-02-04 21:46:07,445 serena.config.serena_config:stop:367 - Loading project instance for RegisteredProject[project_root=/home/aqmebrak/ArtsWarehouse, project_config=ProjectConfig[project_name=ArtsWarehouse]] completed in 0.000 seconds
INFO  2026-02-04 21:46:07,445 serena.util.file_system:start:360 - Loading of .gitignore files starting ...
INFO  2026-02-04 21:46:07,445 serena.agent:load_project_from_path_or_name:650 - Found registered project 'ArtsWarehouse' at path /home/aqmebrak/ArtsWarehouse
INFO  2026-02-04 21:46:07,446 serena.agent:_activate_project:621 - Activating ArtsWarehouse at /home/aqmebrak/ArtsWarehouse
INFO  2026-02-04 21:46:07,446 serena.util.file_system:_load_gitignore_files:152 - Processing .gitignore file: /home/aqmebrak/ArtsWarehouse/.gitignore
INFO  2026-02-04 21:46:07,446 serena.task_executor:issue_task:192 - Scheduling Task-1:init_language_server_manager
INFO  2026-02-04 21:46:07,446 serena.agent:get_mode_names:199 - Active modes: ['editing', 'interactive']
INFO  2026-02-04 21:46:07,447 serena.util.file_system:_load_gitignore_files:152 - Processing .gitignore file: /home/aqmebrak/ArtsWarehouse/.serena/.gitignore
INFO  2026-02-04 21:46:07,449 serena.agent:_update_active_modes_and_tools:584 - Active tools (29): activate_project, check_onboarding_performed, create_text_file, delete_memory, edit_memory, execute_shell_command, find_file, find_referencing_symbols, find_symbol, get_current_config, get_symbols_overview, initial_instructions, insert_after_symbol, insert_before_symbol, list_dir, list_memories, onboarding, prepare_for_new_conversation, read_file, read_memory, rename_symbol, replace_content, replace_symbol_body, search_for_pattern, switch_modes, think_about_collected_information, think_about_task_adherence, think_about_whether_you_are_done, write_memory
INFO  2026-02-04 21:46:07,449 serena.cli:health_check:769 - SerenaAgent created successfully
INFO  2026-02-04 21:46:07,449 serena.cli:health_check:772 - Searching for analyzable files...
INFO  2026-02-04 21:46:07,473 serena.cli:health_check:781 - Found analyzable file: svelte.config.js
INFO  2026-02-04 21:46:07,473 serena.util.file_system:stop:367 - Loading of .gitignore files completed in 0.028 seconds
INFO  2026-02-04 21:46:07,473 serena.cli:health_check:799 - Testing GetSymbolsOverviewTool on file: svelte.config.js
INFO  2026-02-04 21:46:07,474 serena.project:stop:367 - Gathering ignore spec for project ArtsWarehouse completed in 0.028 seconds
INFO  2026-02-04 21:46:07,474 serena.task_executor:issue_task:192 - Scheduling Task-2:<lambda>
INFO  2026-02-04 21:46:07,536 serena.task_executor:_process_task_queue:123 - Starting execution of Task-1:init_language_server_manager
INFO  2026-02-04 21:46:07,537 serena.task_executor:start:360 - Task-1:init_language_server_manager starting ...
INFO  2026-02-04 21:46:07,537 serena.agent:start:360 - Language server initialization starting ...
INFO  2026-02-04 21:46:07,538 serena.project:create_language_server_manager:414 - Creating language server manager for /home/aqmebrak/ArtsWarehouse
INFO  2026-02-04 21:46:07,538 sensai.util.logging:start:360 - Language server startup (language=typescript) starting ...
INFO  2026-02-04 21:46:07,538 serena.ls_manager:create_language_server:41 - Creating language server instance for /home/aqmebrak/ArtsWarehouse, language=typescript.
INFO  2026-02-04 21:46:07,539 sensai.util.logging:start:360 - Language server startup (language=bash) starting ...
INFO  2026-02-04 21:46:07,539 serena.ls_manager:create_language_server:41 - Creating language server instance for /home/aqmebrak/ArtsWarehouse, language=bash.
INFO  2026-02-04 21:46:07,555 solidlsp.ls:_load_raw_document_symbols_cache:2001 - Loading document symbols cache from /home/aqmebrak/ArtsWarehouse/.serena/cache/typescript/raw_document_symbols.pkl
INFO  2026-02-04 21:46:07,561 solidlsp.ls:_load_raw_document_symbols_cache:2006 - Loaded 62 entries from raw document symbols cache.
INFO  2026-02-04 21:46:07,562 solidlsp.ls:_load_document_symbols_cache:2036 - Loading document symbols cache from /home/aqmebrak/ArtsWarehouse/.serena/cache/typescript/document_symbols.pkl
INFO  2026-02-04 21:46:07,575 solidlsp.ls:_load_document_symbols_cache:2041 - Loaded 62 entries from document symbols cache.
INFO  2026-02-04 21:46:07,577 solidlsp.ls:start:2134 - Starting language server with language bash for /home/aqmebrak/ArtsWarehouse
INFO  2026-02-04 21:46:07,577 solidlsp.language_servers.bash_language_server:_start_server:158 - Starting Bash server process
INFO  2026-02-04 21:46:07,577 solidlsp.ls_handler:start:194 - Starting language server process via command: /home/aqmebrak/.serena/language_servers/static/BashLanguageServer/bash-lsp/node_modules/.bin/bash-language-server start
INFO  2026-02-04 21:46:07,577 solidlsp.language_servers.bash_language_server:_start_server:162 - Sending initialize request from LSP client to LSP server and awaiting response
INFO  2026-02-04 21:46:07,586 solidlsp.ls:start:2134 - Starting language server with language typescript for /home/aqmebrak/ArtsWarehouse
INFO  2026-02-04 21:46:07,586 solidlsp.language_servers.typescript_language_server:_start_server:280 - Starting TypeScript server process
INFO  2026-02-04 21:46:07,586 solidlsp.ls_handler:start:194 - Starting language server process via command: ['/home/aqmebrak/.serena/language_servers/static/TypeScriptLanguageServer/ts-lsp/node_modules/.bin/typescript-language-server', '--stdio']
INFO  2026-02-04 21:46:07,587 solidlsp.language_servers.typescript_language_server:_start_server:284 - Sending initialize request from LSP client to LSP server and awaiting response
INFO  2026-02-04 21:46:07,642 solidlsp.language_servers.typescript_language_server:window_log_message:264 - LSP: window/logMessage: {'type': 3, 'message': 'Using Typescript version (workspace) 5.9.3 from path "/home/aqmebrak/ArtsWarehouse/node_modules/typescript/lib/tsserver.js"'}
INFO  2026-02-04 21:46:08,645 solidlsp.language_servers.typescript_language_server:_start_server:301 - Timeout waiting for TypeScript server to become ready, proceeding anyway
INFO  2026-02-04 21:46:08,645 sensai.util.logging:stop:367 - Language server startup (language=typescript) completed in 1.107 seconds
INFO  2026-02-04 21:46:09,425 solidlsp.language_servers.bash_language_server:_start_server:172 - Bash server supports document symbols
INFO  2026-02-04 21:46:09,425 solidlsp.language_servers.bash_language_server:_start_server:179 - Waiting for Bash language server to be ready...
INFO  2026-02-04 21:46:09,431 solidlsp.language_servers.bash_language_server:window_log_message:145 - LSP: window/logMessage: {'type': 3, 'message': '20:46:09.426 INFO BackgroundAnalysis: resolving glob "**/*@(.sh|.inc|.bash|.command)" inside "file:///home/aqmebrak/ArtsWarehouse"...'}
INFO  2026-02-04 21:46:09,650 solidlsp.language_servers.bash_language_server:window_log_message:145 - LSP: window/logMessage: {'type': 3, 'message': '20:46:09.650 INFO BackgroundAnalysis: Glob resolved with 11 files after 0.224 seconds'}
INFO  2026-02-04 21:46:09,667 solidlsp.language_servers.bash_language_server:window_log_message:145 - LSP: window/logMessage: {'type': 3, 'message': '20:46:09.666 INFO BackgroundAnalysis: Completed after 0.24 seconds.'}
INFO  2026-02-04 21:46:11,445 solidlsp.language_servers.bash_language_server:_start_server:183 - Timeout waiting for bash server ready signal, proceeding anyway
INFO  2026-02-04 21:46:11,445 sensai.util.logging:stop:367 - Language server startup (language=bash) completed in 3.907 seconds
INFO  2026-02-04 21:46:11,446 serena.agent:stop:367 - Language server initialization completed in 3.908 seconds
INFO  2026-02-04 21:46:11,446 serena.task_executor:stop:367 - Task-1:init_language_server_manager completed in 3.909 seconds
INFO  2026-02-04 21:46:11,446 serena.task_executor:_process_task_queue:123 - Starting execution of Task-2:<lambda>
INFO  2026-02-04 21:46:11,446 serena.task_executor:start:360 - Task-2:<lambda> starting ...
INFO  2026-02-04 21:46:11,454 serena.task_executor:stop:367 - Task-2:<lambda> completed in 0.008 seconds
INFO  2026-02-04 21:46:11,454 serena.cli:health_check:801 - GetSymbolsOverviewTool returned 2 symbols
INFO  2026-02-04 21:46:11,454 serena.cli:health_check:822 - No class or function found, using first available symbol
INFO  2026-02-04 21:46:11,454 serena.cli:health_check:826 - Using symbol for testing: config (kind: Constant)
INFO  2026-02-04 21:46:11,454 serena.cli:health_check:829 - Testing FindSymbolTool for symbol: config
INFO  2026-02-04 21:46:11,454 serena.task_executor:issue_task:192 - Scheduling Task-3:<lambda>
INFO  2026-02-04 21:46:11,556 serena.task_executor:_process_task_queue:123 - Starting execution of Task-3:<lambda>
INFO  2026-02-04 21:46:11,556 serena.task_executor:start:360 - Task-3:<lambda> starting ...
ERROR 2026-02-04 21:46:11,556 solidlsp.ls:request_full_symbol_tree:1311 - You passed a file explicitly, but it is ignored. This is probably an error. File: svelte.config.js
INFO  2026-02-04 21:46:11,556 serena.task_executor:stop:367 - Task-3:<lambda> completed in 0.001 seconds
INFO  2026-02-04 21:46:11,556 serena.cli:health_check:834 - FindSymbolTool found 1 matches for symbol config
INFO  2026-02-04 21:46:11,557 serena.cli:health_check:837 - Testing FindReferencingSymbolsTool for symbol: config
INFO  2026-02-04 21:46:11,557 serena.task_executor:issue_task:192 - Scheduling Task-4:<lambda>
INFO  2026-02-04 21:46:11,658 serena.task_executor:_process_task_queue:123 - Starting execution of Task-4:<lambda>
INFO  2026-02-04 21:46:11,658 serena.task_executor:start:360 - Task-4:<lambda> starting ...
ERROR 2026-02-04 21:46:11,659 solidlsp.ls:request_full_symbol_tree:1311 - You passed a file explicitly, but it is ignored. This is probably an error. File: svelte.config.js
WARNING 2026-02-04 21:46:12,915 solidlsp.ls:request_referencing_symbols:1670 - Could not find containing symbol for svelte.config.js:15:15. Returning file symbol instead
INFO  2026-02-04 21:46:12,915 serena.task_executor:stop:367 - Task-4:<lambda> completed in 1.257 seconds
INFO  2026-02-04 21:46:12,916 serena.cli:health_check:841 - FindReferencingSymbolsTool found 1 references for symbol config
INFO  2026-02-04 21:46:12,916 serena.cli:health_check:847 - Testing SearchForPatternTool for pattern: config
INFO  2026-02-04 21:46:12,916 serena.task_executor:issue_task:192 - Scheduling Task-5:<lambda>
INFO  2026-02-04 21:46:13,016 serena.task_executor:_process_task_queue:123 - Starting execution of Task-5:<lambda>
INFO  2026-02-04 21:46:13,016 serena.task_executor:start:360 - Task-5:<lambda> starting ...
INFO  2026-02-04 21:46:13,028 serena.text_utils:search_files:366 - Processing 62 files.
INFO  2026-02-04 21:46:13,056 serena.text_utils:search_files:407 - Found 68 total matches across 62 files
INFO  2026-02-04 21:46:13,056 serena.task_executor:stop:367 - Task-5:<lambda> completed in 0.040 seconds
INFO  2026-02-04 21:46:13,056 serena.cli:health_check:854 - SearchForPatternTool found 68 pattern matches for config
INFO  2026-02-04 21:46:13,057 serena.cli:health_check:868 - Health check completed successfully
